c:\users\aless\documents\docs_offline\dev\vs\myhazel\myhazel\vendor\myglfw\bin\debug-windows-x86_64\myglfw\myglfw.pdb
c:\users\aless\documents\docs_offline\dev\vs\myhazel\myhazel\vendor\myglfw\bin-int\debug-windows-x86_64\myglfw\window.obj
c:\users\aless\documents\docs_offline\dev\vs\myhazel\myhazel\vendor\myglfw\bin-int\debug-windows-x86_64\myglfw\win32_window.obj
c:\users\aless\documents\docs_offline\dev\vs\myhazel\myhazel\vendor\myglfw\bin-int\debug-windows-x86_64\myglfw\win32_time.obj
c:\users\aless\documents\docs_offline\dev\vs\myhazel\myhazel\vendor\myglfw\bin-int\debug-windows-x86_64\myglfw\win32_thread.obj
c:\users\aless\documents\docs_offline\dev\vs\myhazel\myhazel\vendor\myglfw\bin-int\debug-windows-x86_64\myglfw\win32_monitor.obj
c:\users\aless\documents\docs_offline\dev\vs\myhazel\myhazel\vendor\myglfw\bin-int\debug-windows-x86_64\myglfw\win32_joystick.obj
c:\users\aless\documents\docs_offline\dev\vs\myhazel\myhazel\vendor\myglfw\bin-int\debug-windows-x86_64\myglfw\win32_init.obj
c:\users\aless\documents\docs_offline\dev\vs\myhazel\myhazel\vendor\myglfw\bin-int\debug-windows-x86_64\myglfw\wgl_context.obj
c:\users\aless\documents\docs_offline\dev\vs\myhazel\myhazel\vendor\myglfw\bin-int\debug-windows-x86_64\myglfw\vulkan.obj
c:\users\aless\documents\docs_offline\dev\vs\myhazel\myhazel\vendor\myglfw\bin-int\debug-windows-x86_64\myglfw\osmesa_context.obj
c:\users\aless\documents\docs_offline\dev\vs\myhazel\myhazel\vendor\myglfw\bin-int\debug-windows-x86_64\myglfw\monitor.obj
c:\users\aless\documents\docs_offline\dev\vs\myhazel\myhazel\vendor\myglfw\bin-int\debug-windows-x86_64\myglfw\input.obj
c:\users\aless\documents\docs_offline\dev\vs\myhazel\myhazel\vendor\myglfw\bin-int\debug-windows-x86_64\myglfw\init.obj
c:\users\aless\documents\docs_offline\dev\vs\myhazel\myhazel\vendor\myglfw\bin-int\debug-windows-x86_64\myglfw\egl_context.obj
c:\users\aless\documents\docs_offline\dev\vs\myhazel\myhazel\vendor\myglfw\bin-int\debug-windows-x86_64\myglfw\context.obj
c:\users\aless\documents\docs_offline\dev\vs\myhazel\myhazel\vendor\myglfw\bin\debug-windows-x86_64\myglfw\myglfw.lib
c:\users\aless\documents\docs_offline\dev\vs\myhazel\myhazel\vendor\myglfw\bin-int\debug-windows-x86_64\myglfw\myglfw.tlog\cl.command.1.tlog
c:\users\aless\documents\docs_offline\dev\vs\myhazel\myhazel\vendor\myglfw\bin-int\debug-windows-x86_64\myglfw\myglfw.tlog\cl.items.tlog
c:\users\aless\documents\docs_offline\dev\vs\myhazel\myhazel\vendor\myglfw\bin-int\debug-windows-x86_64\myglfw\myglfw.tlog\cl.read.1.tlog
c:\users\aless\documents\docs_offline\dev\vs\myhazel\myhazel\vendor\myglfw\bin-int\debug-windows-x86_64\myglfw\myglfw.tlog\cl.write.1.tlog
c:\users\aless\documents\docs_offline\dev\vs\myhazel\myhazel\vendor\myglfw\bin-int\debug-windows-x86_64\myglfw\myglfw.tlog\lib-link.read.1.tlog
c:\users\aless\documents\docs_offline\dev\vs\myhazel\myhazel\vendor\myglfw\bin-int\debug-windows-x86_64\myglfw\myglfw.tlog\lib-link.write.1.tlog
c:\users\aless\documents\docs_offline\dev\vs\myhazel\myhazel\vendor\myglfw\bin-int\debug-windows-x86_64\myglfw\myglfw.tlog\lib.command.1.tlog
